Aligning HISAT2 SVS2:1_lowrisk Thu Jul 1 13:01:13 CEST 2021
Time loading forward index: 00:00:06
Time loading reference: 00:00:02
Multiseed full-index search: 00:53:34
68281753 reads; of these:
  68281753 (100.00%) were paired; of these:
    13149827 (19.26%) aligned concordantly 0 times
    53226900 (77.95%) aligned concordantly exactly 1 time
    1905026 (2.79%) aligned concordantly >1 times
    ----
    13149827 pairs aligned concordantly 0 times; of these:
      1071641 (8.15%) aligned discordantly 1 time
    ----
    12078186 pairs aligned 0 times concordantly or discordantly; of these:
      24156372 mates make up the pairs; of these:
        13192355 (54.61%) aligned 0 times
        9522373 (39.42%) aligned exactly 1 time
        1441644 (5.97%) aligned >1 times
90.34% overall alignment rate
Time searching: 00:53:37
Overall time: 00:53:43
[bam_sort_core] merging from 64 files...
[E::hts_idx_push] Chromosome blocks not continuous
samtools index: failed to create index for "/proj/uppstore2018034/santhilal/Vestibular_schwannoma_proj/aligned/SVS2_sorted.bam": No such file or directory
Alignment completed SVS2:1_lowrisk Thu Jul 1 14:00:57 CEST 2021
