Aligning HISAT2 SVS4:1_lowrisk Thu Jul 1 13:01:13 CEST 2021
Time loading forward index: 00:00:06
Time loading reference: 00:00:02
Multiseed full-index search: 00:54:52
71126869 reads; of these:
  71126869 (100.00%) were paired; of these:
    13111675 (18.43%) aligned concordantly 0 times
    56023179 (78.77%) aligned concordantly exactly 1 time
    1992015 (2.80%) aligned concordantly >1 times
    ----
    13111675 pairs aligned concordantly 0 times; of these:
      940336 (7.17%) aligned discordantly 1 time
    ----
    12171339 pairs aligned 0 times concordantly or discordantly; of these:
      24342678 mates make up the pairs; of these:
        13417792 (55.12%) aligned 0 times
        9515863 (39.09%) aligned exactly 1 time
        1409023 (5.79%) aligned >1 times
90.57% overall alignment rate
Time searching: 00:54:55
Overall time: 00:55:01
[bam_sort_core] merging from 68 files...
[E::hts_idx_push] NO_COOR reads not in a single block at the end 3 -1
samtools index: failed to create index for "/proj/uppstore2018034/santhilal/Vestibular_schwannoma_proj/aligned/SVS4_sorted.bam": No such file or directory
Alignment completed SVS4:1_lowrisk Thu Jul 1 14:02:20 CEST 2021
