Aligning HISAT2 SVS1:1_lowrisk Thu Jul 1 13:01:13 CEST 2021
Time loading forward index: 00:00:06
Time loading reference: 00:00:02
Multiseed full-index search: 00:39:12
67956354 reads; of these:
  67956354 (100.00%) were paired; of these:
    12100570 (17.81%) aligned concordantly 0 times
    53963335 (79.41%) aligned concordantly exactly 1 time
    1892449 (2.78%) aligned concordantly >1 times
    ----
    12100570 pairs aligned concordantly 0 times; of these:
      932707 (7.71%) aligned discordantly 1 time
    ----
    11167863 pairs aligned 0 times concordantly or discordantly; of these:
      22335726 mates make up the pairs; of these:
        12131964 (54.32%) aligned 0 times
        8902939 (39.86%) aligned exactly 1 time
        1300823 (5.82%) aligned >1 times
91.07% overall alignment rate
Time searching: 00:39:15
Overall time: 00:39:21
[bam_sort_core] merging from 64 files...
[E::hts_idx_push] Chromosome blocks not continuous
samtools index: failed to create index for "/proj/uppstore2018034/santhilal/Vestibular_schwannoma_proj/aligned/SVS1_sorted.bam": No such file or directory
Alignment completed SVS1:1_lowrisk Thu Jul 1 13:46:24 CEST 2021
