Aligning HISAT2 CVS5:2_highrisk Thu Jul 1 13:01:13 CEST 2021
Time loading forward index: 00:00:06
Time loading reference: 00:00:01
Multiseed full-index search: 00:43:30
60750637 reads; of these:
  60750637 (100.00%) were paired; of these:
    11714749 (19.28%) aligned concordantly 0 times
    47367755 (77.97%) aligned concordantly exactly 1 time
    1668133 (2.75%) aligned concordantly >1 times
    ----
    11714749 pairs aligned concordantly 0 times; of these:
      683107 (5.83%) aligned discordantly 1 time
    ----
    11031642 pairs aligned 0 times concordantly or discordantly; of these:
      22063284 mates make up the pairs; of these:
        12107963 (54.88%) aligned 0 times
        8751362 (39.66%) aligned exactly 1 time
        1203959 (5.46%) aligned >1 times
90.03% overall alignment rate
Time searching: 00:43:32
Overall time: 00:43:38
[bam_sort_core] merging from 56 files...
[E::hts_idx_push] Unsorted positions on sequence #4: 86658093 followed by 86658025
samtools index: failed to create index for "/proj/uppstore2018034/santhilal/Vestibular_schwannoma_proj/aligned/CVS5_sorted.bam": No such file or directory
Alignment completed CVS5:2_highrisk Thu Jul 1 13:50:10 CEST 2021
