Aligning HISAT2 CVS1:2_highrisk Thu Jul 1 13:01:13 CEST 2021
Time loading forward index: 00:00:06
Time loading reference: 00:00:01
Multiseed full-index search: 00:45:47
56950778 reads; of these:
  56950778 (100.00%) were paired; of these:
    11258192 (19.77%) aligned concordantly 0 times
    44090899 (77.42%) aligned concordantly exactly 1 time
    1601687 (2.81%) aligned concordantly >1 times
    ----
    11258192 pairs aligned concordantly 0 times; of these:
      794851 (7.06%) aligned discordantly 1 time
    ----
    10463341 pairs aligned 0 times concordantly or discordantly; of these:
      20926682 mates make up the pairs; of these:
        11432278 (54.63%) aligned 0 times
        8238278 (39.37%) aligned exactly 1 time
        1256126 (6.00%) aligned >1 times
89.96% overall alignment rate
Time searching: 00:45:50
Overall time: 00:45:56
[bam_sort_core] merging from 52 files...
[E::hts_idx_push] Unsorted positions on sequence #2: 50445553 followed by 50445551
samtools index: failed to create index for "/proj/uppstore2018034/santhilal/Vestibular_schwannoma_proj/aligned/CVS1_sorted.bam": No such file or directory
Alignment completed CVS1:2_highrisk Thu Jul 1 13:52:45 CEST 2021
