Aligning HISAT2 CVS3:2_highrisk Thu Jul 1 13:01:13 CEST 2021
Time loading forward index: 00:00:06
Time loading reference: 00:00:01
Multiseed full-index search: 00:25:10
46226448 reads; of these:
  46226448 (100.00%) were paired; of these:
    9947348 (21.52%) aligned concordantly 0 times
    35002205 (75.72%) aligned concordantly exactly 1 time
    1276895 (2.76%) aligned concordantly >1 times
    ----
    9947348 pairs aligned concordantly 0 times; of these:
      787330 (7.91%) aligned discordantly 1 time
    ----
    9160018 pairs aligned 0 times concordantly or discordantly; of these:
      18320036 mates make up the pairs; of these:
        9845553 (53.74%) aligned 0 times
        7326481 (39.99%) aligned exactly 1 time
        1148002 (6.27%) aligned >1 times
89.35% overall alignment rate
Time searching: 00:25:12
Overall time: 00:25:18
[bam_sort_core] merging from 44 files...
[E::hts_idx_push] Unsorted positions on sequence #7: 72913429 followed by 72913319
samtools index: failed to create index for "/proj/uppstore2018034/santhilal/Vestibular_schwannoma_proj/aligned/CVS3_sorted.bam": No such file or directory
Alignment completed CVS3:2_highrisk Thu Jul 1 13:30:11 CEST 2021
