Aligning HISAT2 CVS6:2_highrisk Thu Jul 1 13:01:13 CEST 2021
Time loading forward index: 00:00:06
Time loading reference: 00:00:02
Multiseed full-index search: 00:44:14
57576177 reads; of these:
  57576177 (100.00%) were paired; of these:
    12560428 (21.82%) aligned concordantly 0 times
    43042700 (74.76%) aligned concordantly exactly 1 time
    1973049 (3.43%) aligned concordantly >1 times
    ----
    12560428 pairs aligned concordantly 0 times; of these:
      652592 (5.20%) aligned discordantly 1 time
    ----
    11907836 pairs aligned 0 times concordantly or discordantly; of these:
      23815672 mates make up the pairs; of these:
        13183506 (55.36%) aligned 0 times
        9118995 (38.29%) aligned exactly 1 time
        1513171 (6.35%) aligned >1 times
88.55% overall alignment rate
Time searching: 00:44:17
Overall time: 00:44:23
[bam_sort_core] merging from 56 files...
[E::hts_idx_push] Unsorted positions on sequence #1: 72047887 followed by 72047791
samtools index: failed to create index for "/proj/uppstore2018034/santhilal/Vestibular_schwannoma_proj/aligned/CVS6_sorted.bam": No such file or directory
Alignment completed CVS6:2_highrisk Thu Jul 1 13:51:09 CEST 2021
